<?xml version="1.0" encoding="UTF-8"?>
<TestRun id="a7a3f5f7-fb56-4462-97b8-232ef2fe5d64" name="Akmal@AKMAL-PC 2013-01-27 09:24:21" runUser="Akmal-PC\Akmal" xmlns="http://microsoft.com/schemas/VisualStudio/TeamTest/2010">
  <TestSettings name="Local" id="ab53c294-92e3-4049-9e6d-3c050735bbb2">
    <Description>These are default test settings for a local test run.</Description>
    <Deployment enabled="false" runDeploymentRoot="Akmal_AKMAL-PC 2013-01-27 09_24_21">
      <DeploymentItem filename="c:\users\akmal\documents\visual studio 2010\Projects\csgraphics1\csgraphics1\bin\Debug\PieceWiseInput.exe" />
    </Deployment>
    <Execution>
      <TestTypeSpecific />
      <AgentRule name="Execution Agents">
      </AgentRule>
    </Execution>
  </TestSettings>
  <Times creation="2013-01-27T09:24:21.7875400-05:00" queuing="2013-01-27T09:24:29.0899577-05:00" start="2013-01-27T09:24:29.9590074-05:00" finish="2013-01-27T09:25:15.9266366-05:00" />
  <ResultSummary outcome="Error">
    <Counters total="1" executed="1" error="0" failed="0" timeout="0" aborted="1" inconclusive="0" passedButRunAborted="0" notRunnable="0" notExecuted="0" disconnected="0" warning="0" passed="0" completed="0" inProgress="0" pending="0" />
    <RunInfos>
      <RunInfo computerName="AKMAL-PC" outcome="Warning" timestamp="2013-01-27T09:24:21.8285424-05:00">
        <Text>Deployment is currently disabled. The deployment item 'PieceWiseInput.exe' on test 'PieceWiseInputTester.ParserTest.parseFunctionTest' was not deployed.</Text>
      </RunInfo>
      <RunInfo computerName="AKMAL-PC" outcome="Error" timestamp="2013-01-27T09:25:15.9216363-05:00">
        <Text>Test host process exited unexpectedly.</Text>
      </RunInfo>
    </RunInfos>
  </ResultSummary>
  <TestDefinitions>
    <UnitTest name="parseFunctionTest" storage="c:\users\akmal\documents\visual studio 2010\projects\csgraphics1\piecewiseinputtester\bin\debug\piecewiseinputtester.dll" id="933d104a-7ada-f30a-ecb4-fffebfc34619">
      <DeploymentItems>
        <DeploymentItem filename="PieceWiseInput.exe" />
      </DeploymentItems>
      <Execution id="b4fce824-e97e-4f95-a47a-fda5592c95cd" />
      <TestMethod codeBase="C:/Users/Akmal/Documents/Visual Studio 2010/Projects/csgraphics1/PieceWiseInputTester/bin/Debug/PieceWiseInputTester.DLL" adapterTypeName="Microsoft.VisualStudio.TestTools.TestTypes.Unit.UnitTestAdapter, Microsoft.VisualStudio.QualityTools.Tips.UnitTest.Adapter, Version=10.0.0.0, Culture=neutral, PublicKeyToken=b03f5f7f11d50a3a" className="PieceWiseInputTester.ParserTest, PieceWiseInputTester, Version=1.0.0.0, Culture=neutral, PublicKeyToken=null" name="parseFunctionTest" />
    </UnitTest>
  </TestDefinitions>
  <TestLists>
    <TestList name="Results Not in a List" id="8c84fa94-04c1-424b-9868-57a2d4851a1d" />
    <TestList name="All Loaded Results" id="19431567-8539-422a-85d7-44ee4e166bda" />
  </TestLists>
  <TestEntries>
    <TestEntry testId="933d104a-7ada-f30a-ecb4-fffebfc34619" executionId="b4fce824-e97e-4f95-a47a-fda5592c95cd" testListId="8c84fa94-04c1-424b-9868-57a2d4851a1d" />
  </TestEntries>
  <Results>
    <UnitTestResult executionId="b4fce824-e97e-4f95-a47a-fda5592c95cd" testId="933d104a-7ada-f30a-ecb4-fffebfc34619" testName="parseFunctionTest" computerName="AKMAL-PC" duration="00:00:45.4626003" startTime="2013-01-27T09:24:30.4620362-05:00" endTime="2013-01-27T09:25:15.9246365-05:00" testType="13cdc9d9-ddb5-4fa4-a97d-d965ccfc6d4b" outcome="Aborted" testListId="8c84fa94-04c1-424b-9868-57a2d4851a1d" relativeResultsDirectory="b4fce824-e97e-4f95-a47a-fda5592c95cd">
    </UnitTestResult>
  </Results>
</TestRun>