<?xml version="1.0" encoding="UTF-8"?>
<TestRun id="c0c8c6e6-4fbc-40e4-80ee-56829ac06ceb" name="Akmal@AKMAL-PC 2013-01-27 09:36:52" runUser="Akmal-PC\Akmal" xmlns="http://microsoft.com/schemas/VisualStudio/TeamTest/2010">
  <TestSettings name="Local" id="ab53c294-92e3-4049-9e6d-3c050735bbb2">
    <Description>These are default test settings for a local test run.</Description>
    <Deployment enabled="false" runDeploymentRoot="Akmal_AKMAL-PC 2013-01-27 09_36_52">
      <DeploymentItem filename="c:\users\akmal\documents\visual studio 2010\Projects\csgraphics1\csgraphics1\bin\Debug\PieceWiseInput.exe" />
    </Deployment>
    <Execution>
      <TestTypeSpecific />
      <AgentRule name="Execution Agents">
      </AgentRule>
    </Execution>
  </TestSettings>
  <Times creation="2013-01-27T09:36:52.2404635-05:00" queuing="2013-01-27T09:36:52.2524642-05:00" start="2013-01-27T09:36:52.2674650-05:00" finish="2013-01-27T09:36:52.8284971-05:00" />
  <ResultSummary outcome="Warning">
    <Counters total="1" executed="1" passed="1" error="0" failed="0" timeout="0" aborted="0" inconclusive="0" passedButRunAborted="0" notRunnable="0" notExecuted="0" disconnected="0" warning="0" completed="0" inProgress="0" pending="0" />
    <RunInfos>
      <RunInfo computerName="AKMAL-PC" outcome="Warning" timestamp="2013-01-27T09:36:52.2514641-05:00">
        <Text>Deployment is currently disabled. The deployment item 'PieceWiseInput.exe' on test 'PieceWiseInputTester.ParserTest.parseFunctionTest' was not deployed.</Text>
      </RunInfo>
    </RunInfos>
  </ResultSummary>
  <TestDefinitions>
    <UnitTest name="parseFunctionTest" storage="c:\users\akmal\documents\visual studio 2010\projects\csgraphics1\piecewiseinputtester\bin\debug\piecewiseinputtester.dll" id="933d104a-7ada-f30a-ecb4-fffebfc34619">
      <DeploymentItems>
        <DeploymentItem filename="PieceWiseInput.exe" />
      </DeploymentItems>
      <Execution id="84b168c6-c9b9-49eb-a083-5ad469b8359f" />
      <TestMethod codeBase="C:/Users/Akmal/Documents/Visual Studio 2010/Projects/csgraphics1/PieceWiseInputTester/bin/Debug/PieceWiseInputTester.DLL" adapterTypeName="Microsoft.VisualStudio.TestTools.TestTypes.Unit.UnitTestAdapter, Microsoft.VisualStudio.QualityTools.Tips.UnitTest.Adapter, Version=10.0.0.0, Culture=neutral, PublicKeyToken=b03f5f7f11d50a3a" className="PieceWiseInputTester.ParserTest, PieceWiseInputTester, Version=1.0.0.0, Culture=neutral, PublicKeyToken=null" name="parseFunctionTest" />
    </UnitTest>
  </TestDefinitions>
  <TestLists>
    <TestList name="Results Not in a List" id="8c84fa94-04c1-424b-9868-57a2d4851a1d" />
    <TestList name="All Loaded Results" id="19431567-8539-422a-85d7-44ee4e166bda" />
  </TestLists>
  <TestEntries>
    <TestEntry testId="933d104a-7ada-f30a-ecb4-fffebfc34619" executionId="84b168c6-c9b9-49eb-a083-5ad469b8359f" testListId="8c84fa94-04c1-424b-9868-57a2d4851a1d" />
  </TestEntries>
  <Results>
    <UnitTestResult executionId="84b168c6-c9b9-49eb-a083-5ad469b8359f" testId="933d104a-7ada-f30a-ecb4-fffebfc34619" testName="parseFunctionTest" computerName="AKMAL-PC" duration="00:00:00.0487231" startTime="2013-01-27T09:36:52.3014670-05:00" endTime="2013-01-27T09:36:52.7674936-05:00" testType="13cdc9d9-ddb5-4fa4-a97d-d965ccfc6d4b" outcome="Passed" testListId="8c84fa94-04c1-424b-9868-57a2d4851a1d" relativeResultsDirectory="84b168c6-c9b9-49eb-a083-5ad469b8359f">
    </UnitTestResult>
  </Results>
</TestRun>