<?xml version="1.0" encoding="UTF-8"?>
<TestRun id="27614db2-f5ea-4125-9b55-0ce0c88d9315" name="Akmal@AKMAL-PC 2013-01-31 12:00:24" runUser="Akmal-PC\Akmal" xmlns="http://microsoft.com/schemas/VisualStudio/TeamTest/2010">
  <TestSettings name="Local" id="ab53c294-92e3-4049-9e6d-3c050735bbb2">
    <Description>These are default test settings for a local test run.</Description>
    <Deployment enabled="false" runDeploymentRoot="Akmal_AKMAL-PC 2013-01-31 12_00_24">
      <DeploymentItem filename="C:\Users\Akmal\Documents\Visual Studio 2010\Projects\PieceWiseInput\PieceWiseInput\bin\Debug\PieceWiseInput.exe" />
    </Deployment>
    <Execution>
      <TestTypeSpecific />
      <AgentRule name="Execution Agents">
      </AgentRule>
    </Execution>
  </TestSettings>
  <Times creation="2013-01-31T12:00:24.6398289-05:00" queuing="2013-01-31T12:00:24.6548297-05:00" start="2013-01-31T12:00:24.6888317-05:00" finish="2013-01-31T12:00:25.5378802-05:00" />
  <ResultSummary outcome="Failed">
    <Counters total="1" executed="1" error="0" failed="1" timeout="0" aborted="0" inconclusive="0" passedButRunAborted="0" notRunnable="0" notExecuted="0" disconnected="0" warning="0" passed="0" completed="0" inProgress="0" pending="0" />
    <RunInfos>
      <RunInfo computerName="AKMAL-PC" outcome="Warning" timestamp="2013-01-31T12:00:24.6538297-05:00">
        <Text>Deployment is currently disabled. The deployment item 'PieceWiseInput.exe' on test 'PieceWiseInputTester.ParserTest.parseFunctionTest' was not deployed.</Text>
      </RunInfo>
    </RunInfos>
  </ResultSummary>
  <TestDefinitions>
    <UnitTest name="parseFunctionTest" storage="c:\users\akmal\documents\visual studio 2010\projects\piecewiseinput\piecewiseinputtester\bin\debug\piecewiseinputtester.dll" id="933d104a-7ada-f30a-ecb4-fffebfc34619">
      <DeploymentItems>
        <DeploymentItem filename="PieceWiseInput.exe" />
      </DeploymentItems>
      <Execution id="f0340510-093d-4b36-b06a-71d6ab61c656" />
      <TestMethod codeBase="C:/Users/Akmal/Documents/Visual Studio 2010/Projects/PieceWiseInput/PieceWiseInputTester/bin/Debug/PieceWiseInputTester.DLL" adapterTypeName="Microsoft.VisualStudio.TestTools.TestTypes.Unit.UnitTestAdapter, Microsoft.VisualStudio.QualityTools.Tips.UnitTest.Adapter, Version=10.0.0.0, Culture=neutral, PublicKeyToken=b03f5f7f11d50a3a" className="PieceWiseInputTester.ParserTest, PieceWiseInputTester, Version=1.0.0.0, Culture=neutral, PublicKeyToken=null" name="parseFunctionTest" />
    </UnitTest>
  </TestDefinitions>
  <TestLists>
    <TestList name="Results Not in a List" id="8c84fa94-04c1-424b-9868-57a2d4851a1d" />
    <TestList name="All Loaded Results" id="19431567-8539-422a-85d7-44ee4e166bda" />
  </TestLists>
  <TestEntries>
    <TestEntry testId="933d104a-7ada-f30a-ecb4-fffebfc34619" executionId="f0340510-093d-4b36-b06a-71d6ab61c656" testListId="8c84fa94-04c1-424b-9868-57a2d4851a1d" />
  </TestEntries>
  <Results>
    <UnitTestResult executionId="f0340510-093d-4b36-b06a-71d6ab61c656" testId="933d104a-7ada-f30a-ecb4-fffebfc34619" testName="parseFunctionTest" computerName="AKMAL-PC" duration="00:00:00.0854440" startTime="2013-01-31T12:00:24.7348343-05:00" endTime="2013-01-31T12:00:25.2518639-05:00" testType="13cdc9d9-ddb5-4fa4-a97d-d965ccfc6d4b" outcome="Failed" testListId="8c84fa94-04c1-424b-9868-57a2d4851a1d" relativeResultsDirectory="f0340510-093d-4b36-b06a-71d6ab61c656">
      <Output>
        <StdOut>X_*_6_*_X_</StdOut>
        <ErrorInfo>
          <Message>Assert.Fail failed. Input and Output are different lengths</Message>
          <StackTrace>   at PieceWiseInputTester.ParserTest.parseFunctionTest() in C:\Users\Akmal\Documents\Visual Studio 2010\Projects\PieceWiseInput\PieceWiseInputTester\ParserTest.cs:line 104
</StackTrace>
        </ErrorInfo>
      </Output>
    </UnitTestResult>
  </Results>
</TestRun>