<?xml version="1.0" encoding="UTF-8"?>
<TestRun id="5dba1229-ba13-4c99-89c0-11a2e38e78d0" name="Akmal@AKMAL-PC 2013-01-31 12:22:08" runUser="Akmal-PC\Akmal" xmlns="http://microsoft.com/schemas/VisualStudio/TeamTest/2010">
  <TestSettings name="Local" id="ab53c294-92e3-4049-9e6d-3c050735bbb2">
    <Description>These are default test settings for a local test run.</Description>
    <Deployment enabled="false" runDeploymentRoot="Akmal_AKMAL-PC 2013-01-31 12_22_08">
      <DeploymentItem filename="C:\Users\Akmal\Documents\Visual Studio 2010\Projects\PieceWiseInput\PieceWiseInput\bin\Debug\PieceWiseInput.exe" />
    </Deployment>
    <Execution>
      <TestTypeSpecific />
      <AgentRule name="Execution Agents">
      </AgentRule>
    </Execution>
  </TestSettings>
  <Times creation="2013-01-31T12:22:08.1433850-05:00" queuing="2013-01-31T12:22:08.1813872-05:00" start="2013-01-31T12:22:08.2013883-05:00" finish="2013-01-31T12:22:08.8074230-05:00" />
  <ResultSummary outcome="Warning">
    <Counters total="1" executed="1" passed="1" error="0" failed="0" timeout="0" aborted="0" inconclusive="0" passedButRunAborted="0" notRunnable="0" notExecuted="0" disconnected="0" warning="0" completed="0" inProgress="0" pending="0" />
    <RunInfos>
      <RunInfo computerName="AKMAL-PC" outcome="Warning" timestamp="2013-01-31T12:22:08.1793871-05:00">
        <Text>Deployment is currently disabled. The deployment item 'PieceWiseInput.exe' on test 'PieceWiseInputTester.ParserTest.parseFunctionTest' was not deployed.</Text>
      </RunInfo>
    </RunInfos>
  </ResultSummary>
  <TestDefinitions>
    <UnitTest name="parseFunctionTest" storage="c:\users\akmal\documents\visual studio 2010\projects\piecewiseinput\piecewiseinputtester\bin\debug\piecewiseinputtester.dll" id="933d104a-7ada-f30a-ecb4-fffebfc34619">
      <DeploymentItems>
        <DeploymentItem filename="PieceWiseInput.exe" />
      </DeploymentItems>
      <Execution id="0d393efb-ba6d-4435-8914-1e97b29ddcd7" />
      <TestMethod codeBase="C:/Users/Akmal/Documents/Visual Studio 2010/Projects/PieceWiseInput/PieceWiseInputTester/bin/Debug/PieceWiseInputTester.DLL" adapterTypeName="Microsoft.VisualStudio.TestTools.TestTypes.Unit.UnitTestAdapter, Microsoft.VisualStudio.QualityTools.Tips.UnitTest.Adapter, Version=10.0.0.0, Culture=neutral, PublicKeyToken=b03f5f7f11d50a3a" className="PieceWiseInputTester.ParserTest, PieceWiseInputTester, Version=1.0.0.0, Culture=neutral, PublicKeyToken=null" name="parseFunctionTest" />
    </UnitTest>
  </TestDefinitions>
  <TestLists>
    <TestList name="Results Not in a List" id="8c84fa94-04c1-424b-9868-57a2d4851a1d" />
    <TestList name="All Loaded Results" id="19431567-8539-422a-85d7-44ee4e166bda" />
  </TestLists>
  <TestEntries>
    <TestEntry testId="933d104a-7ada-f30a-ecb4-fffebfc34619" executionId="0d393efb-ba6d-4435-8914-1e97b29ddcd7" testListId="8c84fa94-04c1-424b-9868-57a2d4851a1d" />
  </TestEntries>
  <Results>
    <UnitTestResult executionId="0d393efb-ba6d-4435-8914-1e97b29ddcd7" testId="933d104a-7ada-f30a-ecb4-fffebfc34619" testName="parseFunctionTest" computerName="AKMAL-PC" duration="00:00:00.0528488" startTime="2013-01-31T12:22:08.2633919-05:00" endTime="2013-01-31T12:22:08.7494197-05:00" testType="13cdc9d9-ddb5-4fa4-a97d-d965ccfc6d4b" outcome="Passed" testListId="8c84fa94-04c1-424b-9868-57a2d4851a1d" relativeResultsDirectory="0d393efb-ba6d-4435-8914-1e97b29ddcd7">
      <Output>
        <StdOut>X_*_6_*_SIN_</StdOut>
      </Output>
    </UnitTestResult>
  </Results>
</TestRun>