<?xml version="1.0" encoding="UTF-8"?>
<TestRun id="12a9bb6b-788c-44b3-9024-b09022af7b4e" name="Akmal@AKMAL-PC 2013-01-26 19:58:22" runUser="Akmal-PC\Akmal" xmlns="http://microsoft.com/schemas/VisualStudio/TeamTest/2010">
  <TestSettings name="Local" id="ab53c294-92e3-4049-9e6d-3c050735bbb2">
    <Description>These are default test settings for a local test run.</Description>
    <Deployment enabled="false" runDeploymentRoot="Akmal_AKMAL-PC 2013-01-26 19_58_22">
      <DeploymentItem filename="c:\users\akmal\documents\visual studio 2010\Projects\csgraphics1\csgraphics1\bin\Debug\PieceWiseInput.exe" />
    </Deployment>
    <Execution>
      <TestTypeSpecific />
      <AgentRule name="Execution Agents">
      </AgentRule>
    </Execution>
  </TestSettings>
  <Times creation="2013-01-26T19:58:22.4844095-05:00" queuing="2013-01-26T19:58:34.9611231-05:00" start="2013-01-26T19:58:35.8741754-05:00" finish="2013-01-26T19:58:42.2875422-05:00" />
  <ResultSummary outcome="Failed">
    <Counters total="1" executed="1" error="0" failed="1" timeout="0" aborted="0" inconclusive="0" passedButRunAborted="0" notRunnable="0" notExecuted="0" disconnected="0" warning="0" passed="0" completed="0" inProgress="0" pending="0" />
    <RunInfos>
      <RunInfo computerName="AKMAL-PC" outcome="Warning" timestamp="2013-01-26T19:58:23.8064851-05:00">
        <Text>Deployment is currently disabled. The deployment item 'PieceWiseInput.exe' on test 'PieceWiseInputTester.ParserTest.parseFunctionTest' was not deployed.</Text>
      </RunInfo>
    </RunInfos>
  </ResultSummary>
  <TestDefinitions>
    <UnitTest name="parseFunctionTest" storage="c:\users\akmal\documents\visual studio 2010\projects\csgraphics1\piecewiseinputtester\bin\debug\piecewiseinputtester.dll" id="933d104a-7ada-f30a-ecb4-fffebfc34619">
      <DeploymentItems>
        <DeploymentItem filename="PieceWiseInput.exe" />
      </DeploymentItems>
      <Execution id="c4200a17-6ddb-4dab-aee0-ce6d3e861e97" />
      <TestMethod codeBase="c:/users/akmal/documents/visual studio 2010/Projects/csgraphics1/PieceWiseInputTester/bin/Debug/PieceWiseInputTester.DLL" adapterTypeName="Microsoft.VisualStudio.TestTools.TestTypes.Unit.UnitTestAdapter, Microsoft.VisualStudio.QualityTools.Tips.UnitTest.Adapter, Version=10.0.0.0, Culture=neutral, PublicKeyToken=b03f5f7f11d50a3a" className="PieceWiseInputTester.ParserTest, PieceWiseInputTester, Version=1.0.0.0, Culture=neutral, PublicKeyToken=null" name="parseFunctionTest" />
    </UnitTest>
  </TestDefinitions>
  <TestLists>
    <TestList name="Results Not in a List" id="8c84fa94-04c1-424b-9868-57a2d4851a1d" />
    <TestList name="All Loaded Results" id="19431567-8539-422a-85d7-44ee4e166bda" />
  </TestLists>
  <TestEntries>
    <TestEntry testId="933d104a-7ada-f30a-ecb4-fffebfc34619" executionId="c4200a17-6ddb-4dab-aee0-ce6d3e861e97" testListId="8c84fa94-04c1-424b-9868-57a2d4851a1d" />
  </TestEntries>
  <Results>
    <UnitTestResult executionId="c4200a17-6ddb-4dab-aee0-ce6d3e861e97" testId="933d104a-7ada-f30a-ecb4-fffebfc34619" testName="parseFunctionTest" computerName="AKMAL-PC" duration="00:00:00.9577647" startTime="2013-01-26T19:58:36.2721981-05:00" endTime="2013-01-26T19:58:41.7035088-05:00" testType="13cdc9d9-ddb5-4fa4-a97d-d965ccfc6d4b" outcome="Failed" testListId="8c84fa94-04c1-424b-9868-57a2d4851a1d" relativeResultsDirectory="c4200a17-6ddb-4dab-aee0-ce6d3e861e97">
      <Output>
        <ErrorInfo>
          <Message>Test method PieceWiseInputTester.ParserTest.parseFunctionTest threw exception: 
System.TypeInitializationException: The type initializer for 'PieceWiseInput.Parser' threw an exception. ---&gt; System.NullReferenceException: Object reference not set to an instance of an object.</Message>
          <StackTrace>    at PieceWiseInput.Parser..cctor() in c:\users\akmal\documents\visual studio 2010\Projects\csgraphics1\csgraphics1\Parser.cs:line 14
 --- End of inner exception stack trace ---
    at System.RuntimeMethodHandle._InvokeConstructor(IRuntimeMethodInfo method, Object[] args, SignatureStruct&amp; signature, RuntimeType declaringType)
   at System.RuntimeMethodHandle.InvokeConstructor(IRuntimeMethodInfo method, Object[] args, SignatureStruct signature, RuntimeType declaringType)
   at System.Reflection.RuntimeConstructorInfo.Invoke(BindingFlags invokeAttr, Binder binder, Object[] parameters, CultureInfo culture)
   at System.Reflection.ConstructorInfo.Invoke(Object[] parameters)
   at PieceWiseInput.Parser_Accessor..ctor()
   at PieceWiseInputTester.ParserTest.parseFunctionTest() in c:\users\akmal\documents\visual studio 2010\Projects\csgraphics1\PieceWiseInputTester\ParserTest.cs:line 75
</StackTrace>
        </ErrorInfo>
      </Output>
    </UnitTestResult>
  </Results>
</TestRun>