<?xml version="1.0" encoding="UTF-8"?>
<TestRun id="861954ba-d616-4196-ad14-322c4d42c516" name="Shabbir@SHABBIR-PC 2013-03-02 11:12:07" runUser="Shabbir-PC\Shabbir" xmlns="http://microsoft.com/schemas/VisualStudio/TeamTest/2010">
  <TestSettings name="Local" id="ab53c294-92e3-4049-9e6d-3c050735bbb2">
    <Description>These are default test settings for a local test run.</Description>
    <Deployment enabled="false" runDeploymentRoot="Shabbir_SHABBIR-PC 2013-03-02 11_12_07">
      <DeploymentItem filename="C:\Users\Shabbir\Documents\Visual Studio 2010\Projects\PiecewiseInput\PieceWiseInput\bin\Debug\PieceWiseInput.exe" />
    </Deployment>
    <Execution>
      <TestTypeSpecific />
      <AgentRule name="Execution Agents">
      </AgentRule>
    </Execution>
  </TestSettings>
  <Times creation="2013-03-02T11:12:07.7149375-05:00" queuing="2013-03-02T11:12:08.6019882-05:00" start="2013-03-02T11:12:08.6989938-05:00" finish="2013-03-02T11:12:44.3890351-05:00" />
  <ResultSummary outcome="Failed">
    <Counters total="1" executed="1" error="0" failed="1" timeout="0" aborted="0" inconclusive="0" passedButRunAborted="0" notRunnable="0" notExecuted="0" disconnected="0" warning="0" passed="0" completed="0" inProgress="0" pending="0" />
    <RunInfos>
      <RunInfo computerName="SHABBIR-PC" outcome="Warning" timestamp="2013-03-02T11:12:07.7459393-05:00">
        <Text>Deployment is currently disabled. The deployment item 'PieceWiseInput.exe' on test 'TestProject1.ParserTest.evalTestEval' was not deployed.</Text>
      </RunInfo>
    </RunInfos>
  </ResultSummary>
  <TestDefinitions>
    <UnitTest name="evalTestEval" storage="c:\users\shabbir\documents\visual studio 2010\projects\piecewiseinput\testproject1\bin\debug\testproject1.dll" id="8393910a-8c0e-bc87-889b-27796ac6a112">
      <DeploymentItems>
        <DeploymentItem filename="PieceWiseInput.exe" />
      </DeploymentItems>
      <Execution id="0cf80b71-feb2-4775-99af-69f60f5e20ab" />
      <TestMethod codeBase="C:/Users/Shabbir/Documents/Visual Studio 2010/Projects/PiecewiseInput/TestProject1/bin/Debug/TestProject1.DLL" adapterTypeName="Microsoft.VisualStudio.TestTools.TestTypes.Unit.UnitTestAdapter, Microsoft.VisualStudio.QualityTools.Tips.UnitTest.Adapter, Version=10.0.0.0, Culture=neutral, PublicKeyToken=b03f5f7f11d50a3a" className="TestProject1.ParserTest, TestProject1, Version=1.0.0.0, Culture=neutral, PublicKeyToken=null" name="evalTestEval" />
    </UnitTest>
  </TestDefinitions>
  <TestLists>
    <TestList name="Results Not in a List" id="8c84fa94-04c1-424b-9868-57a2d4851a1d" />
    <TestList name="All Loaded Results" id="19431567-8539-422a-85d7-44ee4e166bda" />
  </TestLists>
  <TestEntries>
    <TestEntry testId="8393910a-8c0e-bc87-889b-27796ac6a112" executionId="0cf80b71-feb2-4775-99af-69f60f5e20ab" testListId="8c84fa94-04c1-424b-9868-57a2d4851a1d" />
  </TestEntries>
  <Results>
    <UnitTestResult executionId="0cf80b71-feb2-4775-99af-69f60f5e20ab" testId="8393910a-8c0e-bc87-889b-27796ac6a112" testName="evalTestEval" computerName="SHABBIR-PC" duration="00:00:34.2111939" startTime="2013-03-02T11:12:08.7849987-05:00" endTime="2013-03-02T11:12:44.3040303-05:00" testType="13cdc9d9-ddb5-4fa4-a97d-d965ccfc6d4b" outcome="Failed" testListId="8c84fa94-04c1-424b-9868-57a2d4851a1d" relativeResultsDirectory="0cf80b71-feb2-4775-99af-69f60f5e20ab">
      <Output>
        <ErrorInfo>
          <Message>Test method TestProject1.ParserTest.evalTestEval threw exception: 
System.FormatException: Input string was not in a correct format.</Message>
          <StackTrace>   at PieceWiseInput.Parser_Accessor.evalFuncAt(Double x)
   at TestProject1.ParserTest.evalTestEval() in C:\Users\Shabbir\Documents\Visual Studio 2010\Projects\PiecewiseInput\TestProject1\ParserTest.cs:line 80
</StackTrace>
        </ErrorInfo>
      </Output>
    </UnitTestResult>
  </Results>
</TestRun>