<?xml version="1.0" encoding="UTF-8"?>
<TestRun id="82923b7b-413b-484c-a7ad-82a8630d09e3" name="Shabbir@SHABBIR-PC 2013-03-02 11:18:11" runUser="Shabbir-PC\Shabbir" xmlns="http://microsoft.com/schemas/VisualStudio/TeamTest/2010">
  <TestSettings name="Local" id="ab53c294-92e3-4049-9e6d-3c050735bbb2">
    <Description>These are default test settings for a local test run.</Description>
    <Deployment enabled="false" runDeploymentRoot="Shabbir_SHABBIR-PC 2013-03-02 11_18_11">
      <DeploymentItem filename="C:\Users\Shabbir\Documents\Visual Studio 2010\Projects\PiecewiseInput\PieceWiseInput\bin\Debug\PieceWiseInput.exe" />
    </Deployment>
    <Execution>
      <TestTypeSpecific />
      <AgentRule name="Execution Agents">
      </AgentRule>
    </Execution>
  </TestSettings>
  <Times creation="2013-03-02T11:18:11.3087339-05:00" queuing="2013-03-02T11:18:11.5267463-05:00" start="2013-03-02T11:18:11.5637484-05:00" finish="2013-03-02T11:18:11.9267692-05:00" />
  <ResultSummary outcome="Failed">
    <Counters total="1" executed="1" error="0" failed="1" timeout="0" aborted="0" inconclusive="0" passedButRunAborted="0" notRunnable="0" notExecuted="0" disconnected="0" warning="0" passed="0" completed="0" inProgress="0" pending="0" />
    <RunInfos>
      <RunInfo computerName="SHABBIR-PC" outcome="Warning" timestamp="2013-03-02T11:18:11.3417358-05:00">
        <Text>Deployment is currently disabled. The deployment item 'PieceWiseInput.exe' on test 'TestProject1.ParserTest.evalTestEval' was not deployed.</Text>
      </RunInfo>
    </RunInfos>
  </ResultSummary>
  <TestDefinitions>
    <UnitTest name="evalTestEval" storage="c:\users\shabbir\documents\visual studio 2010\projects\piecewiseinput\testproject1\bin\debug\testproject1.dll" id="8393910a-8c0e-bc87-889b-27796ac6a112">
      <DeploymentItems>
        <DeploymentItem filename="PieceWiseInput.exe" />
      </DeploymentItems>
      <Execution id="1809b323-10b0-46b0-98af-9b81c93d8498" />
      <TestMethod codeBase="C:/Users/Shabbir/Documents/Visual Studio 2010/Projects/PiecewiseInput/TestProject1/bin/Debug/TestProject1.DLL" adapterTypeName="Microsoft.VisualStudio.TestTools.TestTypes.Unit.UnitTestAdapter, Microsoft.VisualStudio.QualityTools.Tips.UnitTest.Adapter, Version=10.0.0.0, Culture=neutral, PublicKeyToken=b03f5f7f11d50a3a" className="TestProject1.ParserTest, TestProject1, Version=1.0.0.0, Culture=neutral, PublicKeyToken=null" name="evalTestEval" />
    </UnitTest>
  </TestDefinitions>
  <TestLists>
    <TestList name="Results Not in a List" id="8c84fa94-04c1-424b-9868-57a2d4851a1d" />
    <TestList name="All Loaded Results" id="19431567-8539-422a-85d7-44ee4e166bda" />
  </TestLists>
  <TestEntries>
    <TestEntry testId="8393910a-8c0e-bc87-889b-27796ac6a112" executionId="1809b323-10b0-46b0-98af-9b81c93d8498" testListId="8c84fa94-04c1-424b-9868-57a2d4851a1d" />
  </TestEntries>
  <Results>
    <UnitTestResult executionId="1809b323-10b0-46b0-98af-9b81c93d8498" testId="8393910a-8c0e-bc87-889b-27796ac6a112" testName="evalTestEval" computerName="SHABBIR-PC" duration="00:00:00.0548160" startTime="2013-03-02T11:18:11.5727490-05:00" endTime="2013-03-02T11:18:11.9067681-05:00" testType="13cdc9d9-ddb5-4fa4-a97d-d965ccfc6d4b" outcome="Failed" testListId="8c84fa94-04c1-424b-9868-57a2d4851a1d" relativeResultsDirectory="1809b323-10b0-46b0-98af-9b81c93d8498">
      <Output>
        <ErrorInfo>
          <Message>Assert.AreEqual failed. Expected:&lt;6&gt;. Actual:&lt;0&gt;. </Message>
          <StackTrace>   at TestProject1.ParserTest.evalTestEval() in C:\Users\Shabbir\Documents\Visual Studio 2010\Projects\PiecewiseInput\TestProject1\ParserTest.cs:line 81
</StackTrace>
        </ErrorInfo>
      </Output>
    </UnitTestResult>
  </Results>
</TestRun>