<?xml version="1.0" encoding="UTF-8"?>
<TestRun id="e23cf7fd-7b73-4f3a-9b2b-c66cabc0de2a" name="Shabbir@SHABBIR-LAPTOP 2013-03-02 10:07:34" runUser="SHABBIR-LAPTOP\Shabbir" xmlns="http://microsoft.com/schemas/VisualStudio/TeamTest/2010">
  <TestSettings name="Local" id="ab53c294-92e3-4049-9e6d-3c050735bbb2">
    <Description>These are default test settings for a local test run.</Description>
    <Deployment enabled="false" runDeploymentRoot="Shabbir_SHABBIR-LAPTOP 2013-03-02 10_07_34">
      <DeploymentItem filename="C:\Users\Shabbir\Documents\Visual Studio 2010\Projects\PiecewiseInput\PieceWiseInput\bin\Debug\PieceWiseInput.exe" />
    </Deployment>
    <Execution>
      <TestTypeSpecific />
      <AgentRule name="Execution Agents">
      </AgentRule>
    </Execution>
  </TestSettings>
  <Times creation="2013-03-02T10:07:34.2562820-05:00" queuing="2013-03-02T10:07:35.3795068-05:00" start="2013-03-02T10:07:35.4765710-05:00" finish="2013-03-02T10:07:48.4675964-05:00" />
  <ResultSummary outcome="Error">
    <Counters total="1" error="0" failed="0" timeout="0" aborted="0" inconclusive="0" passedButRunAborted="0" notRunnable="0" notExecuted="1" disconnected="0" warning="0" passed="0" completed="0" inProgress="0" pending="0" />
    <RunInfos>
      <RunInfo computerName="SHABBIR-LAPTOP" outcome="Warning" timestamp="2013-03-02T10:07:34.2712949-05:00">
        <Text>Deployment is currently disabled. The deployment item 'PieceWiseInput.exe' on test 'PieceWiseInputTester.ParserTest.parseFunctionEvalTest' was not deployed.</Text>
      </RunInfo>
      <RunInfo computerName="SHABBIR-LAPTOP" outcome="Error" timestamp="2013-03-02T10:07:48.4675964-05:00">
        <Text>Test host process exited unexpectedly.</Text>
      </RunInfo>
    </RunInfos>
  </ResultSummary>
  <TestDefinitions>
    <UnitTest name="parseFunctionEvalTest" storage="c:\users\shabbir\documents\visual studio 2010\projects\piecewiseinput\piecewiseinputtester\bin\debug\piecewiseinputtester.dll" id="d1cbd19a-f9d7-00b3-12c8-739c87537c4a">
      <DeploymentItems>
        <DeploymentItem filename="PieceWiseInput.exe" />
      </DeploymentItems>
      <Execution id="e32aad34-c35b-4348-8623-330fabe70175" />
      <TestMethod codeBase="C:/Users/Shabbir/Documents/Visual Studio 2010/Projects/PiecewiseInput/PieceWiseInputTester/bin/Debug/PieceWiseInputTester.DLL" adapterTypeName="Microsoft.VisualStudio.TestTools.TestTypes.Unit.UnitTestAdapter, Microsoft.VisualStudio.QualityTools.Tips.UnitTest.Adapter, Version=10.0.0.0, Culture=neutral, PublicKeyToken=b03f5f7f11d50a3a" className="PieceWiseInputTester.ParserTest, PieceWiseInputTester, Version=1.0.0.0, Culture=neutral, PublicKeyToken=null" name="parseFunctionEvalTest" />
    </UnitTest>
  </TestDefinitions>
  <TestLists>
    <TestList name="Results Not in a List" id="8c84fa94-04c1-424b-9868-57a2d4851a1d" />
    <TestList name="All Loaded Results" id="19431567-8539-422a-85d7-44ee4e166bda" />
  </TestLists>
  <TestEntries>
    <TestEntry testId="d1cbd19a-f9d7-00b3-12c8-739c87537c4a" executionId="e32aad34-c35b-4348-8623-330fabe70175" testListId="8c84fa94-04c1-424b-9868-57a2d4851a1d" />
  </TestEntries>
  <Results>
    <UnitTestResult executionId="e32aad34-c35b-4348-8623-330fabe70175" testId="d1cbd19a-f9d7-00b3-12c8-739c87537c4a" testName="parseFunctionEvalTest" computerName="SHABBIR-LAPTOP" testType="13cdc9d9-ddb5-4fa4-a97d-d965ccfc6d4b" outcome="NotExecuted" testListId="8c84fa94-04c1-424b-9868-57a2d4851a1d" relativeResultsDirectory="e32aad34-c35b-4348-8623-330fabe70175">
    </UnitTestResult>
  </Results>
</TestRun>